<?xml version="1.0" encoding="UTF-8"?>
<!-- Generated by org.testng.reporters.JUnitXMLReporter -->
<testsuite ignored="0" hostname="VSaiPC" failures="0" tests="4" name="Test" time="10.912" errors="0" timestamp="2024-11-24T12:57:30 IST">
  <testcase classname="api.test.UserTest2" name="testpostUser" time="3.885"/>
  <testcase classname="api.test.UserTest2" name="testUserByName" time="1.462"/>
  <testcase classname="api.test.UserTest2" name="testUpdateUserByName" time="3.355"/>
  <testcase classname="api.test.UserTest2" name="testDeleteUserByName" time="1.23"/>
</testsuite> <!-- Test -->
