<?xml version="1.0" encoding="UTF-8"?>
<!-- Generated by org.testng.reporters.JUnitXMLReporter -->
<testsuite ignored="0" hostname="VSaiPC" failures="0" tests="4" name="Default test" time="9.546" errors="0" timestamp="2024-11-24T11:18:40 IST">
  <testcase classname="api.test.UserTest2" name="testpostUser" time="3.278"/>
  <testcase classname="api.test.UserTest2" name="testUserByName" time="1.39"/>
  <testcase classname="api.test.UserTest2" name="testUpdateUserByName" time="2.674"/>
  <testcase classname="api.test.UserTest2" name="testDeleteUserByName" time="1.304"/>
</testsuite> <!-- Default test -->
