<?xml version="1.0" encoding="UTF-8"?>
<testng-results ignored="0" total="4" passed="4" failed="0" skipped="0">
  <reporter-output>
  </reporter-output>
  <suite started-at="2024-11-24T12:57:18 IST" name="PetStoreSuite" finished-at="2024-11-24T12:57:29 IST" duration-ms="10912">
    <groups>
    </groups>
    <test started-at="2024-11-24T12:57:18 IST" name="Test" finished-at="2024-11-24T12:57:29 IST" duration-ms="10912">
      <class name="api.test.UserTest2">
        <test-method is-config="true" signature="setupData()[pri:0, instance:api.test.UserTest2@783a467b]" started-at="2024-11-24T12:57:18 IST" name="setupData" finished-at="2024-11-24T12:57:19 IST" duration-ms="762" status="PASS">
          <reporter-output>
          </reporter-output>
        </test-method> <!-- setupData -->
        <test-method signature="testpostUser()[pri:1, instance:api.test.UserTest2@783a467b]" started-at="2024-11-24T12:57:19 IST" name="testpostUser" finished-at="2024-11-24T12:57:23 IST" duration-ms="3885" status="PASS">
          <reporter-output>
          </reporter-output>
        </test-method> <!-- testpostUser -->
        <test-method signature="testUserByName()[pri:2, instance:api.test.UserTest2@783a467b]" started-at="2024-11-24T12:57:23 IST" name="testUserByName" finished-at="2024-11-24T12:57:24 IST" duration-ms="1462" status="PASS">
          <reporter-output>
          </reporter-output>
        </test-method> <!-- testUserByName -->
        <test-method signature="testUpdateUserByName()[pri:3, instance:api.test.UserTest2@783a467b]" started-at="2024-11-24T12:57:24 IST" name="testUpdateUserByName" finished-at="2024-11-24T12:57:27 IST" duration-ms="3355" status="PASS">
          <reporter-output>
          </reporter-output>
        </test-method> <!-- testUpdateUserByName -->
        <test-method signature="testDeleteUserByName()[pri:4, instance:api.test.UserTest2@783a467b]" started-at="2024-11-24T12:57:27 IST" name="testDeleteUserByName" finished-at="2024-11-24T12:57:29 IST" duration-ms="1230" status="PASS">
          <reporter-output>
          </reporter-output>
        </test-method> <!-- testDeleteUserByName -->
      </class> <!-- api.test.UserTest2 -->
    </test> <!-- Test -->
  </suite> <!-- PetStoreSuite -->
</testng-results>
