<?xml version="1.0" encoding="UTF-8"?>
<testng-results ignored="0" total="4" passed="4" failed="0" skipped="0">
  <reporter-output>
  </reporter-output>
  <suite started-at="2024-11-24T11:18:30 IST" name="Default suite" finished-at="2024-11-24T11:18:40 IST" duration-ms="9546">
    <groups>
    </groups>
    <test started-at="2024-11-24T11:18:30 IST" name="Default test" finished-at="2024-11-24T11:18:40 IST" duration-ms="9546">
      <class name="api.test.UserTest2">
        <test-method is-config="true" signature="setupData()[pri:0, instance:api.test.UserTest2@71e9ddb4]" started-at="2024-11-24T11:18:31 IST" name="setupData" finished-at="2024-11-24T11:18:31 IST" duration-ms="848" status="PASS">
          <reporter-output>
          </reporter-output>
        </test-method> <!-- setupData -->
        <test-method signature="testpostUser()[pri:1, instance:api.test.UserTest2@71e9ddb4]" started-at="2024-11-24T11:18:31 IST" name="testpostUser" finished-at="2024-11-24T11:18:35 IST" duration-ms="3278" status="PASS">
          <reporter-output>
          </reporter-output>
        </test-method> <!-- testpostUser -->
        <test-method signature="testUserByName()[pri:2, instance:api.test.UserTest2@71e9ddb4]" started-at="2024-11-24T11:18:35 IST" name="testUserByName" finished-at="2024-11-24T11:18:36 IST" duration-ms="1390" status="PASS">
          <reporter-output>
          </reporter-output>
        </test-method> <!-- testUserByName -->
        <test-method signature="testUpdateUserByName()[pri:3, instance:api.test.UserTest2@71e9ddb4]" started-at="2024-11-24T11:18:36 IST" name="testUpdateUserByName" finished-at="2024-11-24T11:18:39 IST" duration-ms="2674" status="PASS">
          <reporter-output>
          </reporter-output>
        </test-method> <!-- testUpdateUserByName -->
        <test-method signature="testDeleteUserByName()[pri:4, instance:api.test.UserTest2@71e9ddb4]" started-at="2024-11-24T11:18:39 IST" name="testDeleteUserByName" finished-at="2024-11-24T11:18:40 IST" duration-ms="1304" status="PASS">
          <reporter-output>
          </reporter-output>
        </test-method> <!-- testDeleteUserByName -->
      </class> <!-- api.test.UserTest2 -->
    </test> <!-- Default test -->
  </suite> <!-- Default suite -->
</testng-results>
