<?xml version="1.0" encoding="UTF-8"?>
<!-- Generated by org.testng.reporters.JUnitXMLReporter -->
<testsuite ignored="0" hostname="VSaiPC" failures="0" tests="4" name="Test" time="8.825" errors="0" timestamp="2024-11-22T13:00:37 IST">
  <testcase classname="api.test.UserTest" name="testpostUser" time="2.989"/>
  <testcase classname="api.test.UserTest" name="testUserByName" time="1.14"/>
  <testcase classname="api.test.UserTest" name="testUpdateUserByName" time="2.452"/>
  <testcase classname="api.test.UserTest" name="testDeleteUserByName" time="1.282"/>
</testsuite> <!-- Test -->
